<?xml version="1.0" encoding="UTF-8"?>
<!-- Generated by org.testng.reporters.JUnitReportReporter -->
<testsuite skipped="0" hostname="lenovo-PC" name="com.crm.qa.testcases.ContactsPageTest" tests="5" failures="0" timestamp="27 Sep 2018 18:29:26 GMT" time="99.123" errors="0">
  <testcase name="verifyNewContact" time="17.793" classname="com.crm.qa.testcases.ContactsPageTest"/>
  <testcase name="verifyNewContact" time="16.603" classname="com.crm.qa.testcases.ContactsPageTest"/>
  <testcase name="verifyNewContact" time="25.788" classname="com.crm.qa.testcases.ContactsPageTest"/>
  <testcase name="verifyNewContact" time="21.965" classname="com.crm.qa.testcases.ContactsPageTest"/>
  <testcase name="verifyNewContact" time="16.974" classname="com.crm.qa.testcases.ContactsPageTest"/>
</testsuite> <!-- com.crm.qa.testcases.ContactsPageTest -->
