<?xml version="1.0" encoding="UTF-8"?>
<!-- Generated by org.testng.reporters.JUnitReportReporter -->
<testsuite skipped="0" hostname="lenovo-PC" name="com.crm.qa.testcases.DealsPageTest" tests="4" failures="0" timestamp="22 Sep 2018 21:08:23 GMT" time="139.351" errors="0">
  <testcase name="verifyCreateDeal" time="35.991" classname="com.crm.qa.testcases.DealsPageTest"/>
  <testcase name="verifyCreateDeal" time="33.876" classname="com.crm.qa.testcases.DealsPageTest"/>
  <testcase name="verifyCreateDeal" time="33.212" classname="com.crm.qa.testcases.DealsPageTest"/>
  <testcase name="verifyCreateDeal" time="36.272" classname="com.crm.qa.testcases.DealsPageTest"/>
</testsuite> <!-- com.crm.qa.testcases.DealsPageTest -->
